# JRE version: OpenJDK Runtime Environment (17.0.6) (build 17.0.6+0-b2043.56-10027231)
# Java VM: OpenJDK 64-Bit Server VM (17.0.6+0-b2043.56-10027231, mixed mode, tiered, compressed oops, compressed class ptrs, g1 gc, windows-amd64)
GC Precious Log:
 CPUs: 12 total, 12 available
 Memory: 15734M
 Large Page Support: Disabled
 NUMA Support: Disabled
 Compressed Oops: Enabled (32-bit)
 Heap Region Size: 1M
 Heap Min Capacity: 8M
 Heap Initial Capacity: 246M
 Heap Max Capacity: 2G
 Pre-touch: Disabled
 Parallel Workers: 10
 Concurrent Workers: 3
 Concurrent Refinement Workers: 10
 Periodic GC: Disabled
Heap:
 garbage-first heap   total 239616K, used 155179K [0x0000000080000000, 0x0000000100000000)
  region size 1024K, 49 young (50176K), 12 survivors (12288K)
 Metaspace       used 105446K, committed 106176K, reserved 1146880K
  class space    used 14538K, committed 14912K, reserved 1048576K
GC Heap History (20 events):
Event: 6.637 GC heap before
{Heap before GC invocations=26 (full 0):
 garbage-first heap   total 119808K, used 93402K [0x0000000080000000, 0x0000000100000000)
  region size 1024K, 33 young (33792K), 3 survivors (3072K)
 Metaspace       used 73108K, committed 73728K, reserved 1114112K
  class space    used 9756K, committed 10048K, reserved 1048576K
}
Event: 6.641 GC heap after
{Heap after GC invocations=27 (full 0):
 garbage-first heap   total 119808K, used 64690K [0x0000000080000000, 0x0000000100000000)
  region size 1024K, 5 young (5120K), 5 survivors (5120K)
 Metaspace       used 73108K, committed 73728K, reserved 1114112K
  class space    used 9756K, committed 10048K, reserved 1048576K
}
Event: 6.654 GC heap before
{Heap before GC invocations=27 (full 0):
 garbage-first heap   total 119808K, used 65714K [0x0000000080000000, 0x0000000100000000)
  region size 1024K, 6 young (6144K), 5 survivors (5120K)
 Metaspace       used 73241K, committed 73792K, reserved 1114112K
  class space    used 9775K, committed 10048K, reserved 1048576K
}
Event: 6.657 GC heap after
{Heap after GC invocations=28 (full 0):
 garbage-first heap   total 119808K, used 64923K [0x0000000080000000, 0x0000000100000000)
  region size 1024K, 1 young (1024K), 1 survivors (1024K)
 Metaspace       used 73241K, committed 73792K, reserved 1114112K
  class space    used 9775K, committed 10048K, reserved 1048576K
}
Event: 7.078 GC heap before
{Heap before GC invocations=28 (full 0):
 garbage-first heap   total 119808K, used 94619K [0x0000000080000000, 0x0000000100000000)
  region size 1024K, 30 young (30720K), 1 survivors (1024K)
 Metaspace       used 75898K, committed 76544K, reserved 1122304K
  class space    used 10131K, committed 10432K, reserved 1048576K
}
Event: 7.084 GC heap after
{Heap after GC invocations=29 (full 0):
 garbage-first heap   total 239616K, used 67728K [0x0000000080000000, 0x0000000100000000)
  region size 1024K, 4 young (4096K), 4 survivors (4096K)
 Metaspace       used 75898K, committed 76544K, reserved 1122304K
  class space    used 10131K, committed 10432K, reserved 1048576K
}
Event: 8.213 GC heap before
{Heap before GC invocations=30 (full 0):
 garbage-first heap   total 239616K, used 168080K [0x0000000080000000, 0x0000000100000000)
  region size 1024K, 102 young (104448K), 4 survivors (4096K)
 Metaspace       used 84622K, committed 85248K, reserved 1122304K
  class space    used 11566K, committed 11840K, reserved 1048576K
}
Event: 8.221 GC heap after
{Heap after GC invocations=31 (full 0):
 garbage-first heap   total 239616K, used 74522K [0x0000000080000000, 0x0000000100000000)
  region size 1024K, 11 young (11264K), 11 survivors (11264K)
 Metaspace       used 84622K, committed 85248K, reserved 1122304K
  class space    used 11566K, committed 11840K, reserved 1048576K
}
Event: 8.232 GC heap before
{Heap before GC invocations=31 (full 0):
 garbage-first heap   total 239616K, used 75546K [0x0000000080000000, 0x0000000100000000)
  region size 1024K, 12 young (12288K), 11 survivors (11264K)
 Metaspace       used 84637K, committed 85248K, reserved 1122304K
  class space    used 11567K, committed 11840K, reserved 1048576K
}
Event: 8.236 GC heap after
{Heap after GC invocations=32 (full 0):
 garbage-first heap   total 239616K, used 75493K [0x0000000080000000, 0x0000000100000000)
  region size 1024K, 2 young (2048K), 2 survivors (2048K)
 Metaspace       used 84637K, committed 85248K, reserved 1122304K
  class space    used 11567K, committed 11840K, reserved 1048576K
}
Event: 9.341 GC heap before
{Heap before GC invocations=32 (full 0):
 garbage-first heap   total 239616K, used 178917K [0x0000000080000000, 0x0000000100000000)
  region size 1024K, 103 young (105472K), 2 survivors (2048K)
 Metaspace       used 94408K, committed 95040K, reserved 1130496K
  class space    used 12933K, committed 13248K, reserved 1048576K
}
Event: 9.347 GC heap after
{Heap after GC invocations=33 (full 0):
 garbage-first heap   total 239616K, used 83565K [0x0000000080000000, 0x0000000100000000)
  region size 1024K, 10 young (10240K), 10 survivors (10240K)
 Metaspace       used 94408K, committed 95040K, reserved 1130496K
  class space    used 12933K, committed 13248K, reserved 1048576K
}
Event: 9.955 GC heap before
{Heap before GC invocations=33 (full 0):
 garbage-first heap   total 239616K, used 182893K [0x0000000080000000, 0x0000000100000000)
  region size 1024K, 107 young (109568K), 10 survivors (10240K)
 Metaspace       used 96766K, committed 97408K, reserved 1138688K
  class space    used 13395K, committed 13696K, reserved 1048576K
}
Event: 9.967 GC heap after
{Heap after GC invocations=34 (full 0):
 garbage-first heap   total 239616K, used 97811K [0x0000000080000000, 0x0000000100000000)
  region size 1024K, 14 young (14336K), 14 survivors (14336K)
 Metaspace       used 96766K, committed 97408K, reserved 1138688K
  class space    used 13395K, committed 13696K, reserved 1048576K
}
Event: 10.233 GC heap before
{Heap before GC invocations=34 (full 0):
 garbage-first heap   total 239616K, used 184851K [0x0000000080000000, 0x0000000100000000)
  region size 1024K, 100 young (102400K), 14 survivors (14336K)
 Metaspace       used 97129K, committed 97792K, reserved 1138688K
  class space    used 13413K, committed 13696K, reserved 1048576K
}
Event: 10.242 GC heap after
{Heap after GC invocations=35 (full 0):
 garbage-first heap   total 239616K, used 103019K [0x0000000080000000, 0x0000000100000000)
  region size 1024K, 8 young (8192K), 8 survivors (8192K)
 Metaspace       used 97129K, committed 97792K, reserved 1138688K
  class space    used 13413K, committed 13696K, reserved 1048576K
}
Event: 10.681 GC heap before
{Heap before GC invocations=35 (full 0):
 garbage-first heap   total 239616K, used 189035K [0x0000000080000000, 0x0000000100000000)
  region size 1024K, 92 young (94208K), 8 survivors (8192K)
 Metaspace       used 99995K, committed 100672K, reserved 1138688K
  class space    used 13708K, committed 14016K, reserved 1048576K
}
Event: 10.688 GC heap after
{Heap after GC invocations=36 (full 0):
 garbage-first heap   total 239616K, used 109576K [0x0000000080000000, 0x0000000100000000)
  region size 1024K, 9 young (9216K), 9 survivors (9216K)
 Metaspace       used 99995K, committed 100672K, reserved 1138688K
  class space    used 13708K, committed 14016K, reserved 1048576K
}
Event: 10.876 GC heap before
{Heap before GC invocations=36 (full 0):
 garbage-first heap   total 239616K, used 190472K [0x0000000080000000, 0x0000000100000000)
  region size 1024K, 89 young (91136K), 9 survivors (9216K)
 Metaspace       used 101965K, committed 102656K, reserved 1138688K
  class space    used 13993K, committed 14336K, reserved 1048576K
}
Event: 10.883 GC heap after
{Heap after GC invocations=37 (full 0):
 garbage-first heap   total 239616K, used 119339K [0x0000000080000000, 0x0000000100000000)
  region size 1024K, 12 young (12288K), 12 survivors (12288K)
 Metaspace       used 101965K, committed 102656K, reserved 1138688K
  class space    used 13993K, committed 14336K, reserved 1048576K
}

