# JRE version: OpenJDK Runtime Environment (17.0.6) (build 17.0.6+0-b2043.56-10027231)
# Java VM: OpenJDK 64-Bit Server VM (17.0.6+0-b2043.56-10027231, mixed mode, tiered, compressed oops, compressed class ptrs, g1 gc, windows-amd64)
GC Precious Log:
 CPUs: 12 total, 12 available
 Memory: 15734M
 Large Page Support: Disabled
 NUMA Support: Disabled
 Compressed Oops: Enabled (Zero based)
 Heap Region Size: 2M
 Heap Min Capacity: 8M
 Heap Initial Capacity: 246M
 Heap Max Capacity: 3934M
 Pre-touch: Disabled
 Parallel Workers: 10
 Concurrent Workers: 3
 Concurrent Refinement Workers: 10
 Periodic GC: Disabled
Heap:
 garbage-first heap   total 147456K, used 83749K [0x000000070a200000, 0x0000000800000000)
  region size 2048K, 27 young (55296K), 6 survivors (12288K)
 Metaspace       used 55536K, committed 55808K, reserved 1105920K
  class space    used 6541K, committed 6656K, reserved 1048576K
GC Heap History (20 events):
Event: 0.705 GC heap before
{Heap before GC invocations=1 (full 0):
 garbage-first heap   total 251904K, used 37504K [0x000000070a200000, 0x0000000800000000)
  region size 2048K, 18 young (36864K), 2 survivors (4096K)
 Metaspace       used 20723K, committed 20928K, reserved 1073152K
  class space    used 2256K, committed 2368K, reserved 1048576K
}
Event: 0.708 GC heap after
{Heap after GC invocations=2 (full 0):
 garbage-first heap   total 251904K, used 8394K [0x000000070a200000, 0x0000000800000000)
  region size 2048K, 3 young (6144K), 3 survivors (6144K)
 Metaspace       used 20723K, committed 20928K, reserved 1073152K
  class space    used 2256K, committed 2368K, reserved 1048576K
}
Event: 0.724 GC heap before
{Heap before GC invocations=2 (full 0):
 garbage-first heap   total 251904K, used 10442K [0x000000070a200000, 0x0000000800000000)
  region size 2048K, 5 young (10240K), 3 survivors (6144K)
 Metaspace       used 21330K, committed 21504K, reserved 1073152K
  class space    used 2324K, committed 2432K, reserved 1048576K
}
Event: 0.726 GC heap after
{Heap after GC invocations=3 (full 0):
 garbage-first heap   total 251904K, used 8516K [0x000000070a200000, 0x0000000800000000)
  region size 2048K, 3 young (6144K), 3 survivors (6144K)
 Metaspace       used 21330K, committed 21504K, reserved 1073152K
  class space    used 2324K, committed 2432K, reserved 1048576K
}
Event: 0.981 GC heap before
{Heap before GC invocations=4 (full 0):
 garbage-first heap   total 40960K, used 28996K [0x000000070a200000, 0x0000000800000000)
  region size 2048K, 14 young (28672K), 3 survivors (6144K)
 Metaspace       used 28436K, committed 28672K, reserved 1081344K
  class space    used 3535K, committed 3648K, reserved 1048576K
}
Event: 0.985 GC heap after
{Heap after GC invocations=5 (full 0):
 garbage-first heap   total 40960K, used 9446K [0x000000070a200000, 0x0000000800000000)
  region size 2048K, 3 young (6144K), 3 survivors (6144K)
 Metaspace       used 28436K, committed 28672K, reserved 1081344K
  class space    used 3535K, committed 3648K, reserved 1048576K
}
Event: 1.161 GC heap before
{Heap before GC invocations=5 (full 0):
 garbage-first heap   total 40960K, used 29926K [0x000000070a200000, 0x0000000800000000)
  region size 2048K, 12 young (24576K), 3 survivors (6144K)
 Metaspace       used 30565K, committed 30720K, reserved 1081344K
  class space    used 3952K, committed 4032K, reserved 1048576K
}
Event: 1.170 GC heap after
{Heap after GC invocations=6 (full 0):
 garbage-first heap   total 40960K, used 15438K [0x000000070a200000, 0x0000000800000000)
  region size 2048K, 2 young (4096K), 2 survivors (4096K)
 Metaspace       used 30565K, committed 30720K, reserved 1081344K
  class space    used 3952K, committed 4032K, reserved 1048576K
}
Event: 1.306 GC heap before
{Heap before GC invocations=6 (full 0):
 garbage-first heap   total 40960K, used 27726K [0x000000070a200000, 0x0000000800000000)
  region size 2048K, 9 young (18432K), 2 survivors (4096K)
 Metaspace       used 34133K, committed 34368K, reserved 1081344K
  class space    used 4353K, committed 4480K, reserved 1048576K
}
Event: 1.311 GC heap after
{Heap after GC invocations=7 (full 0):
 garbage-first heap   total 40960K, used 15448K [0x000000070a200000, 0x0000000800000000)
  region size 2048K, 1 young (2048K), 1 survivors (2048K)
 Metaspace       used 34133K, committed 34368K, reserved 1081344K
  class space    used 4353K, committed 4480K, reserved 1048576K
}
Event: 1.379 GC heap before
{Heap before GC invocations=7 (full 0):
 garbage-first heap   total 40960K, used 21592K [0x000000070a200000, 0x0000000800000000)
  region size 2048K, 6 young (12288K), 1 survivors (2048K)
 Metaspace       used 35715K, committed 35968K, reserved 1081344K
  class space    used 4531K, committed 4672K, reserved 1048576K
}
Event: 1.382 GC heap after
{Heap after GC invocations=8 (full 0):
 garbage-first heap   total 40960K, used 16489K [0x000000070a200000, 0x0000000800000000)
  region size 2048K, 1 young (2048K), 1 survivors (2048K)
 Metaspace       used 35715K, committed 35968K, reserved 1081344K
  class space    used 4531K, committed 4672K, reserved 1048576K
}
Event: 1.477 GC heap before
{Heap before GC invocations=9 (full 0):
 garbage-first heap   total 40960K, used 26729K [0x000000070a200000, 0x0000000800000000)
  region size 2048K, 7 young (14336K), 1 survivors (2048K)
 Metaspace       used 38220K, committed 38464K, reserved 1089536K
  class space    used 4764K, committed 4864K, reserved 1048576K
}
Event: 1.479 GC heap after
{Heap after GC invocations=10 (full 0):
 garbage-first heap   total 40960K, used 17664K [0x000000070a200000, 0x0000000800000000)
  region size 2048K, 1 young (2048K), 1 survivors (2048K)
 Metaspace       used 38220K, committed 38464K, reserved 1089536K
  class space    used 4764K, committed 4864K, reserved 1048576K
}
Event: 1.578 GC heap before
{Heap before GC invocations=10 (full 0):
 garbage-first heap   total 40960K, used 29952K [0x000000070a200000, 0x0000000800000000)
  region size 2048K, 7 young (14336K), 1 survivors (2048K)
 Metaspace       used 40673K, committed 40896K, reserved 1089536K
  class space    used 4993K, committed 5120K, reserved 1048576K
}
Event: 1.581 GC heap after
{Heap after GC invocations=11 (full 0):
 garbage-first heap   total 147456K, used 18507K [0x000000070a200000, 0x0000000800000000)
  region size 2048K, 1 young (2048K), 1 survivors (2048K)
 Metaspace       used 40673K, committed 40896K, reserved 1089536K
  class space    used 4993K, committed 5120K, reserved 1048576K
}
Event: 2.356 GC heap before
{Heap before GC invocations=11 (full 0):
 garbage-first heap   total 147456K, used 104523K [0x000000070a200000, 0x0000000800000000)
  region size 2048K, 42 young (86016K), 1 survivors (2048K)
 Metaspace       used 50869K, committed 51072K, reserved 1097728K
  class space    used 6133K, committed 6208K, reserved 1048576K
}
Event: 2.367 GC heap after
{Heap after GC invocations=12 (full 0):
 garbage-first heap   total 147456K, used 29397K [0x000000070a200000, 0x0000000800000000)
  region size 2048K, 5 young (10240K), 5 survivors (10240K)
 Metaspace       used 50869K, committed 51072K, reserved 1097728K
  class space    used 6133K, committed 6208K, reserved 1048576K
}
Event: 3.148 GC heap before
{Heap before GC invocations=12 (full 0):
 garbage-first heap   total 147456K, used 103125K [0x000000070a200000, 0x0000000800000000)
  region size 2048K, 41 young (83968K), 5 survivors (10240K)
 Metaspace       used 53732K, committed 53952K, reserved 1097728K
  class space    used 6297K, committed 6400K, reserved 1048576K
}
Event: 3.167 GC heap after
{Heap after GC invocations=13 (full 0):
 garbage-first heap   total 147456K, used 42789K [0x000000070a200000, 0x0000000800000000)
  region size 2048K, 6 young (12288K), 6 survivors (12288K)
 Metaspace       used 53732K, committed 53952K, reserved 1097728K
  class space    used 6297K, committed 6400K, reserved 1048576K
}

