# JRE version: OpenJDK Runtime Environment (17.0.6) (build 17.0.6+0-b2043.56-10027231)
# Java VM: OpenJDK 64-Bit Server VM (17.0.6+0-b2043.56-10027231, mixed mode, tiered, compressed oops, compressed class ptrs, g1 gc, windows-amd64)
GC Precious Log:
 CPUs: 12 total, 12 available
 Memory: 15734M
 Large Page Support: Disabled
 NUMA Support: Disabled
 Compressed Oops: Enabled (32-bit)
 Heap Region Size: 1M
 Heap Min Capacity: 8M
 Heap Initial Capacity: 246M
 Heap Max Capacity: 2G
 Pre-touch: Disabled
 Parallel Workers: 10
 Concurrent Workers: 3
 Concurrent Refinement Workers: 10
 Periodic GC: Disabled
Heap:
 garbage-first heap   total 295936K, used 186242K [0x0000000080000000, 0x0000000100000000)
  region size 1024K, 5 young (5120K), 5 survivors (5120K)
 Metaspace       used 158482K, committed 159488K, reserved 1187840K
  class space    used 22072K, committed 22528K, reserved 1048576K
GC Heap History (20 events):
Event: 230.155 GC heap after
{Heap after GC invocations=49 (full 0):
 garbage-first heap   total 278528K, used 133707K [0x0000000080000000, 0x0000000100000000)
  region size 1024K, 9 young (9216K), 9 survivors (9216K)
 Metaspace       used 129397K, committed 130432K, reserved 1163264K
  class space    used 18169K, committed 18688K, reserved 1048576K
}
Event: 3341.309 GC heap before
{Heap before GC invocations=50 (full 0):
 garbage-first heap   total 278528K, used 253515K [0x0000000080000000, 0x0000000100000000)
  region size 1024K, 93 young (95232K), 9 survivors (9216K)
 Metaspace       used 130503K, committed 131584K, reserved 1163264K
  class space    used 18345K, committed 18880K, reserved 1048576K
}
Event: 3341.328 GC heap after
{Heap after GC invocations=51 (full 0):
 garbage-first heap   total 278528K, used 161384K [0x0000000080000000, 0x0000000100000000)
  region size 1024K, 7 young (7168K), 7 survivors (7168K)
 Metaspace       used 130503K, committed 131584K, reserved 1163264K
  class space    used 18345K, committed 18880K, reserved 1048576K
}
Event: 3341.433 GC heap before
{Heap before GC invocations=51 (full 0):
 garbage-first heap   total 278528K, used 173672K [0x0000000080000000, 0x0000000100000000)
  region size 1024K, 13 young (13312K), 7 survivors (7168K)
 Metaspace       used 130749K, committed 131904K, reserved 1163264K
  class space    used 18381K, committed 18944K, reserved 1048576K
}
Event: 3341.441 GC heap after
{Heap after GC invocations=52 (full 0):
 garbage-first heap   total 278528K, used 159160K [0x0000000080000000, 0x0000000100000000)
  region size 1024K, 2 young (2048K), 2 survivors (2048K)
 Metaspace       used 130749K, committed 131904K, reserved 1163264K
  class space    used 18381K, committed 18944K, reserved 1048576K
}
Event: 3342.370 GC heap before
{Heap before GC invocations=52 (full 0):
 garbage-first heap   total 278528K, used 229816K [0x0000000080000000, 0x0000000100000000)
  region size 1024K, 71 young (72704K), 2 survivors (2048K)
 Metaspace       used 136620K, committed 137856K, reserved 1171456K
  class space    used 19603K, committed 20160K, reserved 1048576K
}
Event: 3342.376 GC heap after
{Heap after GC invocations=53 (full 0):
 garbage-first heap   total 278528K, used 163494K [0x0000000080000000, 0x0000000100000000)
  region size 1024K, 6 young (6144K), 6 survivors (6144K)
 Metaspace       used 136620K, committed 137856K, reserved 1171456K
  class space    used 19603K, committed 20160K, reserved 1048576K
}
Event: 3343.258 GC heap before
{Heap before GC invocations=54 (full 0):
 garbage-first heap   total 278528K, used 240294K [0x0000000080000000, 0x0000000100000000)
  region size 1024K, 73 young (74752K), 6 survivors (6144K)
 Metaspace       used 144057K, committed 145024K, reserved 1179648K
  class space    used 20523K, committed 20928K, reserved 1048576K
}
Event: 3343.268 GC heap after
{Heap after GC invocations=55 (full 0):
 garbage-first heap   total 278528K, used 177927K [0x0000000080000000, 0x0000000100000000)
  region size 1024K, 10 young (10240K), 10 survivors (10240K)
 Metaspace       used 144057K, committed 145024K, reserved 1179648K
  class space    used 20523K, committed 20928K, reserved 1048576K
}
Event: 3343.278 GC heap before
{Heap before GC invocations=55 (full 0):
 garbage-first heap   total 278528K, used 180999K [0x0000000080000000, 0x0000000100000000)
  region size 1024K, 13 young (13312K), 10 survivors (10240K)
 Metaspace       used 144057K, committed 145024K, reserved 1179648K
  class space    used 20523K, committed 20928K, reserved 1048576K
}
Event: 3343.294 GC heap after
{Heap after GC invocations=56 (full 0):
 garbage-first heap   total 278528K, used 159491K [0x0000000080000000, 0x0000000100000000)
  region size 1024K, 2 young (2048K), 2 survivors (2048K)
 Metaspace       used 144057K, committed 145024K, reserved 1179648K
  class space    used 20523K, committed 20928K, reserved 1048576K
}
Event: 3343.378 GC heap before
{Heap before GC invocations=56 (full 0):
 garbage-first heap   total 278528K, used 169731K [0x0000000080000000, 0x0000000100000000)
  region size 1024K, 13 young (13312K), 2 survivors (2048K)
 Metaspace       used 144176K, committed 145152K, reserved 1179648K
  class space    used 20528K, committed 20928K, reserved 1048576K
}
Event: 3343.391 GC heap after
{Heap after GC invocations=57 (full 0):
 garbage-first heap   total 278528K, used 161292K [0x0000000080000000, 0x0000000100000000)
  region size 1024K, 2 young (2048K), 2 survivors (2048K)
 Metaspace       used 144176K, committed 145152K, reserved 1179648K
  class space    used 20528K, committed 20928K, reserved 1048576K
}
Event: 3343.827 GC heap before
{Heap before GC invocations=57 (full 0):
 garbage-first heap   total 278528K, used 227852K [0x0000000080000000, 0x0000000100000000)
  region size 1024K, 67 young (68608K), 2 survivors (2048K)
 Metaspace       used 144740K, committed 145664K, reserved 1179648K
  class space    used 20579K, committed 20992K, reserved 1048576K
}
Event: 3343.845 GC heap after
{Heap after GC invocations=58 (full 0):
 garbage-first heap   total 278528K, used 173235K [0x0000000080000000, 0x0000000100000000)
  region size 1024K, 9 young (9216K), 9 survivors (9216K)
 Metaspace       used 144740K, committed 145664K, reserved 1179648K
  class space    used 20579K, committed 20992K, reserved 1048576K
}
Event: 3344.480 GC heap before
{Heap before GC invocations=59 (full 0):
 garbage-first heap   total 295936K, used 228531K [0x0000000080000000, 0x0000000100000000)
  region size 1024K, 57 young (58368K), 9 survivors (9216K)
 Metaspace       used 149616K, committed 150528K, reserved 1179648K
  class space    used 21149K, committed 21568K, reserved 1048576K
}
Event: 3344.490 GC heap after
{Heap after GC invocations=60 (full 0):
 garbage-first heap   total 295936K, used 185551K [0x0000000080000000, 0x0000000100000000)
  region size 1024K, 6 young (6144K), 6 survivors (6144K)
 Metaspace       used 149616K, committed 150528K, reserved 1179648K
  class space    used 21149K, committed 21568K, reserved 1048576K
}
Event: 3344.596 GC heap before
{Heap before GC invocations=60 (full 0):
 garbage-first heap   total 295936K, used 193743K [0x0000000080000000, 0x0000000100000000)
  region size 1024K, 14 young (14336K), 6 survivors (6144K)
 Metaspace       used 150582K, committed 151552K, reserved 1179648K
  class space    used 21260K, committed 21696K, reserved 1048576K
}
Event: 3344.602 GC heap after
{Heap after GC invocations=61 (full 0):
 garbage-first heap   total 295936K, used 183530K [0x0000000080000000, 0x0000000100000000)
  region size 1024K, 2 young (2048K), 2 survivors (2048K)
 Metaspace       used 150582K, committed 151552K, reserved 1179648K
  class space    used 21260K, committed 21696K, reserved 1048576K
}
Event: 3345.365 GC heap before
{Heap before GC invocations=61 (full 0):
 garbage-first heap   total 295936K, used 239850K [0x0000000080000000, 0x0000000100000000)
  region size 1024K, 57 young (58368K), 2 survivors (2048K)
 Metaspace       used 158482K, committed 159488K, reserved 1187840K
  class space    used 22072K, committed 22528K, reserved 1048576K
}

