# JRE version: OpenJDK Runtime Environment (17.0.6) (build 17.0.6+0-b2043.56-10027231)
# Java VM: OpenJDK 64-Bit Server VM (17.0.6+0-b2043.56-10027231, mixed mode, tiered, compressed oops, compressed class ptrs, g1 gc, windows-amd64)
GC Precious Log:
 CPUs: 12 total, 12 available
 Memory: 15734M
 Large Page Support: Disabled
 NUMA Support: Disabled
 Compressed Oops: Enabled (32-bit)
 Heap Region Size: 1M
 Heap Min Capacity: 8M
 Heap Initial Capacity: 246M
 Heap Max Capacity: 2G
 Pre-touch: Disabled
 Parallel Workers: 10
 Concurrent Workers: 3
 Concurrent Refinement Workers: 10
 Periodic GC: Disabled
Heap:
 garbage-first heap   total 251904K, used 106057K [0x0000000080000000, 0x0000000100000000)
  region size 1024K, 6 young (6144K), 6 survivors (6144K)
 Metaspace       used 97394K, committed 98048K, reserved 1138688K
  class space    used 13439K, committed 13760K, reserved 1048576K
GC Heap History (20 events):
Event: 6.704 GC heap after
{Heap after GC invocations=33 (full 0):
 garbage-first heap   total 114688K, used 61088K [0x0000000080000000, 0x0000000100000000)
  region size 1024K, 2 young (2048K), 2 survivors (2048K)
 Metaspace       used 65606K, committed 66176K, reserved 1114112K
  class space    used 8730K, committed 9024K, reserved 1048576K
}
Event: 6.964 GC heap before
{Heap before GC invocations=33 (full 0):
 garbage-first heap   total 114688K, used 82592K [0x0000000080000000, 0x0000000100000000)
  region size 1024K, 24 young (24576K), 2 survivors (2048K)
 Metaspace       used 67618K, committed 68224K, reserved 1114112K
  class space    used 8978K, committed 9280K, reserved 1048576K
}
Event: 6.968 GC heap after
{Heap after GC invocations=34 (full 0):
 garbage-first heap   total 189440K, used 62536K [0x0000000080000000, 0x0000000100000000)
  region size 1024K, 3 young (3072K), 3 survivors (3072K)
 Metaspace       used 67618K, committed 68224K, reserved 1114112K
  class space    used 8978K, committed 9280K, reserved 1048576K
}
Event: 7.688 GC heap before
{Heap before GC invocations=35 (full 0):
 garbage-first heap   total 189440K, used 123976K [0x0000000080000000, 0x0000000100000000)
  region size 1024K, 64 young (65536K), 3 survivors (3072K)
 Metaspace       used 74703K, committed 75264K, reserved 1114112K
  class space    used 9986K, committed 10240K, reserved 1048576K
}
Event: 7.691 GC heap after
{Heap after GC invocations=36 (full 0):
 garbage-first heap   total 189440K, used 66038K [0x0000000080000000, 0x0000000100000000)
  region size 1024K, 8 young (8192K), 8 survivors (8192K)
 Metaspace       used 74703K, committed 75264K, reserved 1114112K
  class space    used 9986K, committed 10240K, reserved 1048576K
}
Event: 7.708 GC heap before
{Heap before GC invocations=36 (full 0):
 garbage-first heap   total 189440K, used 67062K [0x0000000080000000, 0x0000000100000000)
  region size 1024K, 9 young (9216K), 8 survivors (8192K)
 Metaspace       used 74745K, committed 75264K, reserved 1114112K
  class space    used 9990K, committed 10240K, reserved 1048576K
}
Event: 7.712 GC heap after
{Heap after GC invocations=37 (full 0):
 garbage-first heap   total 189440K, used 66517K [0x0000000080000000, 0x0000000100000000)
  region size 1024K, 1 young (1024K), 1 survivors (1024K)
 Metaspace       used 74745K, committed 75264K, reserved 1114112K
  class space    used 9990K, committed 10240K, reserved 1048576K
}
Event: 8.437 GC heap before
{Heap before GC invocations=37 (full 0):
 garbage-first heap   total 189440K, used 134101K [0x0000000080000000, 0x0000000100000000)
  region size 1024K, 67 young (68608K), 1 survivors (1024K)
 Metaspace       used 79341K, committed 79936K, reserved 1122304K
  class space    used 10651K, committed 10944K, reserved 1048576K
}
Event: 8.441 GC heap after
{Heap after GC invocations=38 (full 0):
 garbage-first heap   total 189440K, used 71669K [0x0000000080000000, 0x0000000100000000)
  region size 1024K, 7 young (7168K), 7 survivors (7168K)
 Metaspace       used 79341K, committed 79936K, reserved 1122304K
  class space    used 10651K, committed 10944K, reserved 1048576K
}
Event: 9.319 GC heap before
{Heap before GC invocations=38 (full 0):
 garbage-first heap   total 189440K, used 139253K [0x0000000080000000, 0x0000000100000000)
  region size 1024K, 73 young (74752K), 7 survivors (7168K)
 Metaspace       used 86461K, committed 87040K, reserved 1130496K
  class space    used 11827K, committed 12096K, reserved 1048576K
}
Event: 9.326 GC heap after
{Heap after GC invocations=39 (full 0):
 garbage-first heap   total 189440K, used 77175K [0x0000000080000000, 0x0000000100000000)
  region size 1024K, 6 young (6144K), 6 survivors (6144K)
 Metaspace       used 86461K, committed 87040K, reserved 1130496K
  class space    used 11827K, committed 12096K, reserved 1048576K
}
Event: 10.061 GC heap before
{Heap before GC invocations=39 (full 0):
 garbage-first heap   total 189440K, used 144759K [0x0000000080000000, 0x0000000100000000)
  region size 1024K, 72 young (73728K), 6 survivors (6144K)
 Metaspace       used 93625K, committed 94272K, reserved 1130496K
  class space    used 12833K, committed 13120K, reserved 1048576K
}
Event: 10.068 GC heap after
{Heap after GC invocations=40 (full 0):
 garbage-first heap   total 189440K, used 82562K [0x0000000080000000, 0x0000000100000000)
  region size 1024K, 6 young (6144K), 6 survivors (6144K)
 Metaspace       used 93625K, committed 94272K, reserved 1130496K
  class space    used 12833K, committed 13120K, reserved 1048576K
}
Event: 10.484 GC heap before
{Heap before GC invocations=40 (full 0):
 garbage-first heap   total 189440K, used 148098K [0x0000000080000000, 0x0000000100000000)
  region size 1024K, 70 young (71680K), 6 survivors (6144K)
 Metaspace       used 94616K, committed 95232K, reserved 1138688K
  class space    used 12955K, committed 13248K, reserved 1048576K
}
Event: 10.493 GC heap after
{Heap after GC invocations=41 (full 0):
 garbage-first heap   total 189440K, used 91666K [0x0000000080000000, 0x0000000100000000)
  region size 1024K, 9 young (9216K), 9 survivors (9216K)
 Metaspace       used 94616K, committed 95232K, reserved 1138688K
  class space    used 12955K, committed 13248K, reserved 1048576K
}
Event: 10.846 GC heap before
{Heap before GC invocations=41 (full 0):
 garbage-first heap   total 189440K, used 147986K [0x0000000080000000, 0x0000000100000000)
  region size 1024K, 64 young (65536K), 9 survivors (9216K)
 Metaspace       used 96741K, committed 97408K, reserved 1138688K
  class space    used 13391K, committed 13696K, reserved 1048576K
}
Event: 10.854 GC heap after
{Heap after GC invocations=42 (full 0):
 garbage-first heap   total 189440K, used 99692K [0x0000000080000000, 0x0000000100000000)
  region size 1024K, 8 young (8192K), 8 survivors (8192K)
 Metaspace       used 96741K, committed 97408K, reserved 1138688K
  class space    used 13391K, committed 13696K, reserved 1048576K
}
Event: 10.979 GC heap before
{Heap before GC invocations=42 (full 0):
 garbage-first heap   total 189440K, used 148844K [0x0000000080000000, 0x0000000100000000)
  region size 1024K, 57 young (58368K), 8 survivors (8192K)
 Metaspace       used 96931K, committed 97600K, reserved 1138688K
  class space    used 13401K, committed 13696K, reserved 1048576K
}
Event: 10.983 GC heap after
{Heap after GC invocations=43 (full 0):
 garbage-first heap   total 189440K, used 102545K [0x0000000080000000, 0x0000000100000000)
  region size 1024K, 6 young (6144K), 6 survivors (6144K)
 Metaspace       used 96931K, committed 97600K, reserved 1138688K
  class space    used 13401K, committed 13696K, reserved 1048576K
}
Event: 11.258 GC heap before
{Heap before GC invocations=43 (full 0):
 garbage-first heap   total 189440K, used 150673K [0x0000000080000000, 0x0000000100000000)
  region size 1024K, 54 young (55296K), 6 survivors (6144K)
 Metaspace       used 97394K, committed 98048K, reserved 1138688K
  class space    used 13439K, committed 13760K, reserved 1048576K
}

