# JRE version: OpenJDK Runtime Environment (17.0.6) (build 17.0.6+0-b2043.56-10027231)
# Java VM: OpenJDK 64-Bit Server VM (17.0.6+0-b2043.56-10027231, mixed mode, tiered, compressed oops, compressed class ptrs, g1 gc, windows-amd64)
GC Precious Log:
 CPUs: 12 total, 12 available
 Memory: 15734M
 Large Page Support: Disabled
 NUMA Support: Disabled
 Compressed Oops: Enabled (32-bit)
 Heap Region Size: 1M
 Heap Min Capacity: 8M
 Heap Initial Capacity: 246M
 Heap Max Capacity: 2G
 Pre-touch: Disabled
 Parallel Workers: 10
 Concurrent Workers: 3
 Concurrent Refinement Workers: 10
 Periodic GC: Disabled
Heap:
 garbage-first heap   total 254976K, used 114043K [0x0000000080000000, 0x0000000100000000)
  region size 1024K, 7 young (7168K), 7 survivors (7168K)
 Metaspace       used 98006K, committed 98688K, reserved 1138688K
  class space    used 13491K, committed 13824K, reserved 1048576K
GC Heap History (20 events):
Event: 6.515 GC heap after
{Heap after GC invocations=35 (full 0):
 garbage-first heap   total 145408K, used 77620K [0x0000000080000000, 0x0000000100000000)
  region size 1024K, 4 young (4096K), 4 survivors (4096K)
 Metaspace       used 86956K, committed 87552K, reserved 1130496K
  class space    used 11899K, committed 12160K, reserved 1048576K
}
Event: 6.887 GC heap before
{Heap before GC invocations=36 (full 0):
 garbage-first heap   total 145408K, used 116532K [0x0000000080000000, 0x0000000100000000)
  region size 1024K, 42 young (43008K), 4 survivors (4096K)
 Metaspace       used 92356K, committed 92928K, reserved 1130496K
  class space    used 12671K, committed 12928K, reserved 1048576K
}
Event: 6.890 GC heap after
{Heap after GC invocations=37 (full 0):
 garbage-first heap   total 145408K, used 80309K [0x0000000080000000, 0x0000000100000000)
  region size 1024K, 3 young (3072K), 3 survivors (3072K)
 Metaspace       used 92356K, committed 92928K, reserved 1130496K
  class space    used 12671K, committed 12928K, reserved 1048576K
}
Event: 6.920 GC heap before
{Heap before GC invocations=37 (full 0):
 garbage-first heap   total 145408K, used 84405K [0x0000000080000000, 0x0000000100000000)
  region size 1024K, 7 young (7168K), 3 survivors (3072K)
 Metaspace       used 92504K, committed 93120K, reserved 1130496K
  class space    used 12692K, committed 12992K, reserved 1048576K
}
Event: 6.922 GC heap after
{Heap after GC invocations=38 (full 0):
 garbage-first heap   total 145408K, used 80577K [0x0000000080000000, 0x0000000100000000)
  region size 1024K, 1 young (1024K), 1 survivors (1024K)
 Metaspace       used 92504K, committed 93120K, reserved 1130496K
  class space    used 12692K, committed 12992K, reserved 1048576K
}
Event: 7.177 GC heap before
{Heap before GC invocations=38 (full 0):
 garbage-first heap   total 145408K, used 118465K [0x0000000080000000, 0x0000000100000000)
  region size 1024K, 38 young (38912K), 1 survivors (1024K)
 Metaspace       used 94399K, committed 95040K, reserved 1138688K
  class space    used 12941K, committed 13248K, reserved 1048576K
}
Event: 7.180 GC heap after
{Heap after GC invocations=39 (full 0):
 garbage-first heap   total 145408K, used 84374K [0x0000000080000000, 0x0000000100000000)
  region size 1024K, 5 young (5120K), 5 survivors (5120K)
 Metaspace       used 94399K, committed 95040K, reserved 1138688K
  class space    used 12941K, committed 13248K, reserved 1048576K
}
Event: 7.313 GC heap before
{Heap before GC invocations=39 (full 0):
 garbage-first heap   total 145408K, used 119190K [0x0000000080000000, 0x0000000100000000)
  region size 1024K, 39 young (39936K), 5 survivors (5120K)
 Metaspace       used 94498K, committed 95168K, reserved 1138688K
  class space    used 12946K, committed 13248K, reserved 1048576K
}
Event: 7.317 GC heap after
{Heap after GC invocations=40 (full 0):
 garbage-first heap   total 145408K, used 89457K [0x0000000080000000, 0x0000000100000000)
  region size 1024K, 5 young (5120K), 5 survivors (5120K)
 Metaspace       used 94498K, committed 95168K, reserved 1138688K
  class space    used 12946K, committed 13248K, reserved 1048576K
}
Event: 7.513 GC heap before
{Heap before GC invocations=40 (full 0):
 garbage-first heap   total 145408K, used 119153K [0x0000000080000000, 0x0000000100000000)
  region size 1024K, 34 young (34816K), 5 survivors (5120K)
 Metaspace       used 95883K, committed 96512K, reserved 1138688K
  class space    used 13190K, committed 13504K, reserved 1048576K
}
Event: 7.518 GC heap after
{Heap after GC invocations=41 (full 0):
 garbage-first heap   total 214016K, used 94360K [0x0000000080000000, 0x0000000100000000)
  region size 1024K, 5 young (5120K), 5 survivors (5120K)
 Metaspace       used 95883K, committed 96512K, reserved 1138688K
  class space    used 13190K, committed 13504K, reserved 1048576K
}
Event: 7.727 GC heap before
{Heap before GC invocations=42 (full 0):
 garbage-first heap   total 214016K, used 166040K [0x0000000080000000, 0x0000000100000000)
  region size 1024K, 76 young (77824K), 5 survivors (5120K)
 Metaspace       used 96813K, committed 97472K, reserved 1138688K
  class space    used 13398K, committed 13696K, reserved 1048576K
}
Event: 7.735 GC heap after
{Heap after GC invocations=43 (full 0):
 garbage-first heap   total 214016K, used 100052K [0x0000000080000000, 0x0000000100000000)
  region size 1024K, 10 young (10240K), 10 survivors (10240K)
 Metaspace       used 96813K, committed 97472K, reserved 1138688K
  class space    used 13398K, committed 13696K, reserved 1048576K
}
Event: 7.737 GC heap before
{Heap before GC invocations=43 (full 0):
 garbage-first heap   total 214016K, used 101076K [0x0000000080000000, 0x0000000100000000)
  region size 1024K, 11 young (11264K), 10 survivors (10240K)
 Metaspace       used 96814K, committed 97472K, reserved 1138688K
  class space    used 13398K, committed 13696K, reserved 1048576K
}
Event: 7.741 GC heap after
{Heap after GC invocations=44 (full 0):
 garbage-first heap   total 214016K, used 101214K [0x0000000080000000, 0x0000000100000000)
  region size 1024K, 2 young (2048K), 2 survivors (2048K)
 Metaspace       used 96814K, committed 97472K, reserved 1138688K
  class space    used 13398K, committed 13696K, reserved 1048576K
}
Event: 7.955 GC heap before
{Heap before GC invocations=44 (full 0):
 garbage-first heap   total 214016K, used 167774K [0x0000000080000000, 0x0000000100000000)
  region size 1024K, 68 young (69632K), 2 survivors (2048K)
 Metaspace       used 97338K, committed 98048K, reserved 1138688K
  class space    used 13443K, committed 13760K, reserved 1048576K
}
Event: 7.959 GC heap after
{Heap after GC invocations=45 (full 0):
 garbage-first heap   total 214016K, used 106063K [0x0000000080000000, 0x0000000100000000)
  region size 1024K, 7 young (7168K), 7 survivors (7168K)
 Metaspace       used 97338K, committed 98048K, reserved 1138688K
  class space    used 13443K, committed 13760K, reserved 1048576K
}
Event: 8.085 GC heap before
{Heap before GC invocations=45 (full 0):
 garbage-first heap   total 214016K, used 169551K [0x0000000080000000, 0x0000000100000000)
  region size 1024K, 70 young (71680K), 7 survivors (7168K)
 Metaspace       used 97613K, committed 98304K, reserved 1138688K
  class space    used 13457K, committed 13760K, reserved 1048576K
}
Event: 8.090 GC heap after
{Heap after GC invocations=46 (full 0):
 garbage-first heap   total 214016K, used 109704K [0x0000000080000000, 0x0000000100000000)
  region size 1024K, 6 young (6144K), 6 survivors (6144K)
 Metaspace       used 97613K, committed 98304K, reserved 1138688K
  class space    used 13457K, committed 13760K, reserved 1048576K
}
Event: 8.255 GC heap before
{Heap before GC invocations=46 (full 0):
 garbage-first heap   total 214016K, used 172168K [0x0000000080000000, 0x0000000100000000)
  region size 1024K, 68 young (69632K), 6 survivors (6144K)
 Metaspace       used 98006K, committed 98688K, reserved 1138688K
  class space    used 13491K, committed 13824K, reserved 1048576K
}

