# JRE version: OpenJDK Runtime Environment (17.0.6) (build 17.0.6+0-b2043.56-10027231)
# Java VM: OpenJDK 64-Bit Server VM (17.0.6+0-b2043.56-10027231, mixed mode, tiered, compressed oops, compressed class ptrs, g1 gc, windows-amd64)
GC Precious Log:
 CPUs: 12 total, 12 available
 Memory: 15734M
 Large Page Support: Disabled
 NUMA Support: Disabled
 Compressed Oops: Enabled (32-bit)
 Heap Region Size: 1M
 Heap Min Capacity: 8M
 Heap Initial Capacity: 246M
 Heap Max Capacity: 2G
 Pre-touch: Disabled
 Parallel Workers: 10
 Concurrent Workers: 3
 Concurrent Refinement Workers: 10
 Periodic GC: Disabled
Heap:
 garbage-first heap   total 251904K, used 119396K [0x0000000080000000, 0x0000000100000000)
  region size 1024K, 6 young (6144K), 6 survivors (6144K)
 Metaspace       used 98396K, committed 99072K, reserved 1138688K
  class space    used 13506K, committed 13824K, reserved 1048576K
GC Heap History (20 events):
Event: 6.370 GC heap after
{Heap after GC invocations=37 (full 0):
 garbage-first heap   total 251904K, used 64130K [0x0000000080000000, 0x0000000100000000)
  region size 1024K, 4 young (4096K), 4 survivors (4096K)
 Metaspace       used 72459K, committed 73024K, reserved 1114112K
  class space    used 9660K, committed 9920K, reserved 1048576K
}
Event: 7.639 GC heap before
{Heap before GC invocations=38 (full 0):
 garbage-first heap   total 222208K, used 180866K [0x0000000080000000, 0x0000000100000000)
  region size 1024K, 118 young (120832K), 4 survivors (4096K)
 Metaspace       used 82608K, committed 83200K, reserved 1122304K
  class space    used 11251K, committed 11520K, reserved 1048576K
}
Event: 7.646 GC heap after
{Heap after GC invocations=39 (full 0):
 garbage-first heap   total 222208K, used 73512K [0x0000000080000000, 0x0000000100000000)
  region size 1024K, 13 young (13312K), 13 survivors (13312K)
 Metaspace       used 82608K, committed 83200K, reserved 1122304K
  class space    used 11251K, committed 11520K, reserved 1048576K
}
Event: 8.720 GC heap before
{Heap before GC invocations=39 (full 0):
 garbage-first heap   total 222208K, used 162600K [0x0000000080000000, 0x0000000100000000)
  region size 1024K, 100 young (102400K), 13 survivors (13312K)
 Metaspace       used 92547K, committed 93184K, reserved 1130496K
  class space    used 12675K, committed 12992K, reserved 1048576K
}
Event: 8.729 GC heap after
{Heap after GC invocations=40 (full 0):
 garbage-first heap   total 222208K, used 80773K [0x0000000080000000, 0x0000000100000000)
  region size 1024K, 8 young (8192K), 8 survivors (8192K)
 Metaspace       used 92547K, committed 93184K, reserved 1130496K
  class space    used 12675K, committed 12992K, reserved 1048576K
}
Event: 9.676 GC heap before
{Heap before GC invocations=40 (full 0):
 garbage-first heap   total 222208K, used 167813K [0x0000000080000000, 0x0000000100000000)
  region size 1024K, 93 young (95232K), 8 survivors (8192K)
 Metaspace       used 94751K, committed 95424K, reserved 1138688K
  class space    used 12973K, committed 13312K, reserved 1048576K
}
Event: 9.684 GC heap after
{Heap after GC invocations=41 (full 0):
 garbage-first heap   total 222208K, used 91682K [0x0000000080000000, 0x0000000100000000)
  region size 1024K, 12 young (12288K), 12 survivors (12288K)
 Metaspace       used 94751K, committed 95424K, reserved 1138688K
  class space    used 12973K, committed 13312K, reserved 1048576K
}
Event: 10.241 GC heap before
{Heap before GC invocations=41 (full 0):
 garbage-first heap   total 222208K, used 169506K [0x0000000080000000, 0x0000000100000000)
  region size 1024K, 89 young (91136K), 12 survivors (12288K)
 Metaspace       used 96954K, committed 97600K, reserved 1138688K
  class space    used 13385K, committed 13696K, reserved 1048576K
}
Event: 10.250 GC heap after
{Heap after GC invocations=42 (full 0):
 garbage-first heap   total 222208K, used 100826K [0x0000000080000000, 0x0000000100000000)
  region size 1024K, 9 young (9216K), 9 survivors (9216K)
 Metaspace       used 96954K, committed 97600K, reserved 1138688K
  class space    used 13385K, committed 13696K, reserved 1048576K
}
Event: 10.692 GC heap before
{Heap before GC invocations=42 (full 0):
 garbage-first heap   total 222208K, used 173530K [0x0000000080000000, 0x0000000100000000)
  region size 1024K, 81 young (82944K), 9 survivors (9216K)
 Metaspace       used 97552K, committed 98240K, reserved 1138688K
  class space    used 13432K, committed 13760K, reserved 1048576K
}
Event: 10.699 GC heap after
{Heap after GC invocations=43 (full 0):
 garbage-first heap   total 222208K, used 105604K [0x0000000080000000, 0x0000000100000000)
  region size 1024K, 8 young (8192K), 8 survivors (8192K)
 Metaspace       used 97552K, committed 98240K, reserved 1138688K
  class space    used 13432K, committed 13760K, reserved 1048576K
}
Event: 10.948 GC heap before
{Heap before GC invocations=43 (full 0):
 garbage-first heap   total 222208K, used 175236K [0x0000000080000000, 0x0000000100000000)
  region size 1024K, 77 young (78848K), 8 survivors (8192K)
 Metaspace       used 97766K, committed 98432K, reserved 1138688K
  class space    used 13446K, committed 13760K, reserved 1048576K
}
Event: 10.953 GC heap after
{Heap after GC invocations=44 (full 0):
 garbage-first heap   total 222208K, used 109040K [0x0000000080000000, 0x0000000100000000)
  region size 1024K, 7 young (7168K), 7 survivors (7168K)
 Metaspace       used 97766K, committed 98432K, reserved 1138688K
  class space    used 13446K, committed 13760K, reserved 1048576K
}
Event: 11.263 GC heap before
{Heap before GC invocations=44 (full 0):
 garbage-first heap   total 222208K, used 176624K [0x0000000080000000, 0x0000000100000000)
  region size 1024K, 74 young (75776K), 7 survivors (7168K)
 Metaspace       used 98181K, committed 98880K, reserved 1138688K
  class space    used 13490K, committed 13824K, reserved 1048576K
}
Event: 11.268 GC heap after
{Heap after GC invocations=45 (full 0):
 garbage-first heap   total 222208K, used 113546K [0x0000000080000000, 0x0000000100000000)
  region size 1024K, 7 young (7168K), 7 survivors (7168K)
 Metaspace       used 98181K, committed 98880K, reserved 1138688K
  class space    used 13490K, committed 13824K, reserved 1048576K
}
Event: 11.581 GC heap before
{Heap before GC invocations=46 (full 0):
 garbage-first heap   total 222208K, used 178058K [0x0000000080000000, 0x0000000100000000)
  region size 1024K, 71 young (72704K), 7 survivors (7168K)
 Metaspace       used 98363K, committed 99072K, reserved 1138688K
  class space    used 13504K, committed 13824K, reserved 1048576K
}
Event: 11.586 GC heap after
{Heap after GC invocations=47 (full 0):
 garbage-first heap   total 222208K, used 116912K [0x0000000080000000, 0x0000000100000000)
  region size 1024K, 6 young (6144K), 6 survivors (6144K)
 Metaspace       used 98363K, committed 99072K, reserved 1138688K
  class space    used 13504K, committed 13824K, reserved 1048576K
}
Event: 11.592 GC heap before
{Heap before GC invocations=47 (full 0):
 garbage-first heap   total 222208K, used 121008K [0x0000000080000000, 0x0000000100000000)
  region size 1024K, 10 young (10240K), 6 survivors (6144K)
 Metaspace       used 98363K, committed 99072K, reserved 1138688K
  class space    used 13504K, committed 13824K, reserved 1048576K
}
Event: 11.597 GC heap after
{Heap after GC invocations=48 (full 0):
 garbage-first heap   total 222208K, used 115522K [0x0000000080000000, 0x0000000100000000)
  region size 1024K, 2 young (2048K), 2 survivors (2048K)
 Metaspace       used 98363K, committed 99072K, reserved 1138688K
  class space    used 13504K, committed 13824K, reserved 1048576K
}
Event: 11.722 GC heap before
{Heap before GC invocations=48 (full 0):
 garbage-first heap   total 222208K, used 179010K [0x0000000080000000, 0x0000000100000000)
  region size 1024K, 65 young (66560K), 2 survivors (2048K)
 Metaspace       used 98396K, committed 99072K, reserved 1138688K
  class space    used 13506K, committed 13824K, reserved 1048576K
}

