# JRE version: OpenJDK Runtime Environment (17.0.6) (build 17.0.6+0-b2043.56-10027231)
# Java VM: OpenJDK 64-Bit Server VM (17.0.6+0-b2043.56-10027231, mixed mode, tiered, compressed oops, compressed class ptrs, g1 gc, windows-amd64)
GC Precious Log:
 CPUs: 12 total, 12 available
 Memory: 15734M
 Large Page Support: Disabled
 NUMA Support: Disabled
 Compressed Oops: Enabled (32-bit)
 Heap Region Size: 1M
 Heap Min Capacity: 8M
 Heap Initial Capacity: 246M
 Heap Max Capacity: 2G
 Pre-touch: Disabled
 Parallel Workers: 10
 Concurrent Workers: 3
 Concurrent Refinement Workers: 10
 Periodic GC: Disabled
Heap:
 garbage-first heap   total 380928K, used 154308K [0x0000000080000000, 0x0000000100000000)
  region size 1024K, 2 young (2048K), 2 survivors (2048K)
 Metaspace       used 144010K, committed 145216K, reserved 1179648K
  class space    used 19184K, committed 19776K, reserved 1048576K
GC Heap History (20 events):
Event: 733.294 GC heap after
{Heap after GC invocations=62 (full 0):
 garbage-first heap   total 278528K, used 209871K [0x0000000080000000, 0x0000000100000000)
  region size 1024K, 3 young (3072K), 3 survivors (3072K)
 Metaspace       used 144067K, committed 145216K, reserved 1179648K
  class space    used 19262K, committed 19776K, reserved 1048576K
}
Event: 733.481 GC heap before
{Heap before GC invocations=62 (full 0):
 garbage-first heap   total 278528K, used 254927K [0x0000000080000000, 0x0000000100000000)
  region size 1024K, 28 young (28672K), 3 survivors (3072K)
 Metaspace       used 144372K, committed 145472K, reserved 1179648K
  class space    used 19278K, committed 19776K, reserved 1048576K
}
Event: 733.484 GC heap after
{Heap after GC invocations=63 (full 0):
 garbage-first heap   total 278528K, used 229531K [0x0000000080000000, 0x0000000100000000)
  region size 1024K, 2 young (2048K), 2 survivors (2048K)
 Metaspace       used 144372K, committed 145472K, reserved 1179648K
  class space    used 19278K, committed 19776K, reserved 1048576K
}
Event: 733.488 GC heap before
{Heap before GC invocations=63 (full 0):
 garbage-first heap   total 278528K, used 239771K [0x0000000080000000, 0x0000000100000000)
  region size 1024K, 3 young (3072K), 2 survivors (2048K)
 Metaspace       used 144372K, committed 145472K, reserved 1179648K
  class space    used 19278K, committed 19776K, reserved 1048576K
}
Event: 733.491 GC heap after
{Heap after GC invocations=64 (full 0):
 garbage-first heap   total 278528K, used 235402K [0x0000000080000000, 0x0000000100000000)
  region size 1024K, 1 young (1024K), 1 survivors (1024K)
 Metaspace       used 144372K, committed 145472K, reserved 1179648K
  class space    used 19278K, committed 19776K, reserved 1048576K
}
Event: 733.492 GC heap before
{Heap before GC invocations=64 (full 0):
 garbage-first heap   total 278528K, used 237450K [0x0000000080000000, 0x0000000100000000)
  region size 1024K, 2 young (2048K), 1 survivors (1024K)
 Metaspace       used 144372K, committed 145472K, reserved 1179648K
  class space    used 19278K, committed 19776K, reserved 1048576K
}
Event: 733.495 GC heap after
{Heap after GC invocations=65 (full 0):
 garbage-first heap   total 278528K, used 235372K [0x0000000080000000, 0x0000000100000000)
  region size 1024K, 1 young (1024K), 1 survivors (1024K)
 Metaspace       used 144372K, committed 145472K, reserved 1179648K
  class space    used 19278K, committed 19776K, reserved 1048576K
}
Event: 1016.236 GC heap before
{Heap before GC invocations=66 (full 0):
 garbage-first heap   total 380928K, used 238444K [0x0000000080000000, 0x0000000100000000)
  region size 1024K, 13 young (13312K), 1 survivors (1024K)
 Metaspace       used 143616K, committed 145024K, reserved 1179648K
  class space    used 19179K, committed 19776K, reserved 1048576K
}
Event: 1016.238 GC heap after
{Heap after GC invocations=67 (full 0):
 garbage-first heap   total 380928K, used 197945K [0x0000000080000000, 0x0000000100000000)
  region size 1024K, 1 young (1024K), 1 survivors (1024K)
 Metaspace       used 143616K, committed 145024K, reserved 1179648K
  class space    used 19179K, committed 19776K, reserved 1048576K
}
Event: 1016.315 GC heap before
{Heap before GC invocations=67 (full 0):
 garbage-first heap   total 380928K, used 215353K [0x0000000080000000, 0x0000000100000000)
  region size 1024K, 18 young (18432K), 1 survivors (1024K)
 Metaspace       used 143634K, committed 145088K, reserved 1179648K
  class space    used 19179K, committed 19776K, reserved 1048576K
}
Event: 1016.320 GC heap after
{Heap after GC invocations=68 (full 0):
 garbage-first heap   total 380928K, used 164835K [0x0000000080000000, 0x0000000100000000)
  region size 1024K, 3 young (3072K), 3 survivors (3072K)
 Metaspace       used 143634K, committed 145088K, reserved 1179648K
  class space    used 19179K, committed 19776K, reserved 1048576K
}
Event: 1016.389 GC heap before
{Heap before GC invocations=68 (full 0):
 garbage-first heap   total 380928K, used 179171K [0x0000000080000000, 0x0000000100000000)
  region size 1024K, 18 young (18432K), 3 survivors (3072K)
 Metaspace       used 143637K, committed 145088K, reserved 1179648K
  class space    used 19180K, committed 19776K, reserved 1048576K
}
Event: 1016.394 GC heap after
{Heap after GC invocations=69 (full 0):
 garbage-first heap   total 380928K, used 155555K [0x0000000080000000, 0x0000000100000000)
  region size 1024K, 1 young (1024K), 1 survivors (1024K)
 Metaspace       used 143637K, committed 145088K, reserved 1179648K
  class space    used 19180K, committed 19776K, reserved 1048576K
}
Event: 1016.744 GC heap before
{Heap before GC invocations=69 (full 0):
 garbage-first heap   total 380928K, used 212899K [0x0000000080000000, 0x0000000100000000)
  region size 1024K, 58 young (59392K), 1 survivors (1024K)
 Metaspace       used 143773K, committed 145088K, reserved 1179648K
  class space    used 19180K, committed 19776K, reserved 1048576K
}
Event: 1016.750 GC heap after
{Heap after GC invocations=70 (full 0):
 garbage-first heap   total 380928K, used 162643K [0x0000000080000000, 0x0000000100000000)
  region size 1024K, 8 young (8192K), 8 survivors (8192K)
 Metaspace       used 143773K, committed 145088K, reserved 1179648K
  class space    used 19180K, committed 19776K, reserved 1048576K
}
Event: 1018.233 GC heap before
{Heap before GC invocations=71 (full 0):
 garbage-first heap   total 380928K, used 334675K [0x0000000080000000, 0x0000000100000000)
  region size 1024K, 158 young (161792K), 8 survivors (8192K)
 Metaspace       used 143990K, committed 145152K, reserved 1179648K
  class space    used 19183K, committed 19776K, reserved 1048576K
}
Event: 1018.241 GC heap after
{Heap after GC invocations=72 (full 0):
 garbage-first heap   total 380928K, used 168990K [0x0000000080000000, 0x0000000100000000)
  region size 1024K, 16 young (16384K), 16 survivors (16384K)
 Metaspace       used 143990K, committed 145152K, reserved 1179648K
  class space    used 19183K, committed 19776K, reserved 1048576K
}
Event: 1018.254 GC heap before
{Heap before GC invocations=72 (full 0):
 garbage-first heap   total 380928K, used 171038K [0x0000000080000000, 0x0000000100000000)
  region size 1024K, 18 young (18432K), 16 survivors (16384K)
 Metaspace       used 144001K, committed 145216K, reserved 1179648K
  class space    used 19184K, committed 19776K, reserved 1048576K
}
Event: 1018.262 GC heap after
{Heap after GC invocations=73 (full 0):
 garbage-first heap   total 380928K, used 155707K [0x0000000080000000, 0x0000000100000000)
  region size 1024K, 3 young (3072K), 3 survivors (3072K)
 Metaspace       used 144001K, committed 145216K, reserved 1179648K
  class space    used 19184K, committed 19776K, reserved 1048576K
}
Event: 1018.289 GC heap before
{Heap before GC invocations=73 (full 0):
 garbage-first heap   total 380928K, used 160827K [0x0000000080000000, 0x0000000100000000)
  region size 1024K, 10 young (10240K), 3 survivors (3072K)
 Metaspace       used 144010K, committed 145216K, reserved 1179648K
  class space    used 19184K, committed 19776K, reserved 1048576K
}

