# JRE version: OpenJDK Runtime Environment (17.0.6) (build 17.0.6+0-b2043.56-10027231)
# Java VM: OpenJDK 64-Bit Server VM (17.0.6+0-b2043.56-10027231, mixed mode, tiered, compressed oops, compressed class ptrs, g1 gc, windows-amd64)
GC Precious Log:
 CPUs: 12 total, 12 available
 Memory: 15734M
 Large Page Support: Disabled
 NUMA Support: Disabled
 Compressed Oops: Enabled (32-bit)
 Heap Region Size: 1M
 Heap Min Capacity: 8M
 Heap Initial Capacity: 246M
 Heap Max Capacity: 2G
 Pre-touch: Disabled
 Parallel Workers: 10
 Concurrent Workers: 3
 Concurrent Refinement Workers: 10
 Periodic GC: Disabled
Heap:
 garbage-first heap   total 356352K, used 216451K [0x0000000080000000, 0x0000000100000000)
  region size 1024K, 76 young (77824K), 8 survivors (8192K)
 Metaspace       used 120793K, committed 121664K, reserved 1155072K
  class space    used 17445K, committed 17856K, reserved 1048576K
GC Heap History (20 events):
Event: 7.310 GC heap before
{Heap before GC invocations=45 (full 0):
 garbage-first heap   total 178176K, used 141298K [0x0000000080000000, 0x0000000100000000)
  region size 1024K, 61 young (62464K), 7 survivors (7168K)
 Metaspace       used 96136K, committed 96768K, reserved 1138688K
  class space    used 13217K, committed 13504K, reserved 1048576K
}
Event: 7.316 GC heap after
{Heap after GC invocations=46 (full 0):
 garbage-first heap   total 178176K, used 94135K [0x0000000080000000, 0x0000000100000000)
  region size 1024K, 7 young (7168K), 7 survivors (7168K)
 Metaspace       used 96136K, committed 96768K, reserved 1138688K
  class space    used 13217K, committed 13504K, reserved 1048576K
}
Event: 7.429 GC heap before
{Heap before GC invocations=46 (full 0):
 garbage-first heap   total 178176K, used 143287K [0x0000000080000000, 0x0000000100000000)
  region size 1024K, 56 young (57344K), 7 survivors (7168K)
 Metaspace       used 96733K, committed 97408K, reserved 1138688K
  class space    used 13385K, committed 13696K, reserved 1048576K
}
Event: 7.435 GC heap after
{Heap after GC invocations=47 (full 0):
 garbage-first heap   total 178176K, used 99902K [0x0000000080000000, 0x0000000100000000)
  region size 1024K, 6 young (6144K), 6 survivors (6144K)
 Metaspace       used 96733K, committed 97408K, reserved 1138688K
  class space    used 13385K, committed 13696K, reserved 1048576K
}
Event: 7.535 GC heap before
{Heap before GC invocations=47 (full 0):
 garbage-first heap   total 178176K, used 144958K [0x0000000080000000, 0x0000000100000000)
  region size 1024K, 50 young (51200K), 6 survivors (6144K)
 Metaspace       used 96966K, committed 97600K, reserved 1138688K
  class space    used 13395K, committed 13696K, reserved 1048576K
}
Event: 7.538 GC heap after
{Heap after GC invocations=48 (full 0):
 garbage-first heap   total 178176K, used 102098K [0x0000000080000000, 0x0000000100000000)
  region size 1024K, 5 young (5120K), 5 survivors (5120K)
 Metaspace       used 96966K, committed 97600K, reserved 1138688K
  class space    used 13395K, committed 13696K, reserved 1048576K
}
Event: 7.717 GC heap before
{Heap before GC invocations=48 (full 0):
 garbage-first heap   total 178176K, used 145106K [0x0000000080000000, 0x0000000100000000)
  region size 1024K, 48 young (49152K), 5 survivors (5120K)
 Metaspace       used 97361K, committed 98048K, reserved 1138688K
  class space    used 13433K, committed 13760K, reserved 1048576K
}
Event: 7.722 GC heap after
{Heap after GC invocations=49 (full 0):
 garbage-first heap   total 356352K, used 105067K [0x0000000080000000, 0x0000000100000000)
  region size 1024K, 5 young (5120K), 5 survivors (5120K)
 Metaspace       used 97361K, committed 98048K, reserved 1138688K
  class space    used 13433K, committed 13760K, reserved 1048576K
}
Event: 8.357 GC heap before
{Heap before GC invocations=49 (full 0):
 garbage-first heap   total 356352K, used 273003K [0x0000000080000000, 0x0000000100000000)
  region size 1024K, 170 young (174080K), 5 survivors (5120K)
 Metaspace       used 98207K, committed 98944K, reserved 1138688K
  class space    used 13503K, committed 13824K, reserved 1048576K
}
Event: 8.365 GC heap after
{Heap after GC invocations=50 (full 0):
 garbage-first heap   total 356352K, used 114376K [0x0000000080000000, 0x0000000100000000)
  region size 1024K, 15 young (15360K), 15 survivors (15360K)
 Metaspace       used 98207K, committed 98944K, reserved 1138688K
  class space    used 13503K, committed 13824K, reserved 1048576K
}
Event: 9.140 GC heap before
{Heap before GC invocations=50 (full 0):
 garbage-first heap   total 356352K, used 280264K [0x0000000080000000, 0x0000000100000000)
  region size 1024K, 173 young (177152K), 15 survivors (15360K)
 Metaspace       used 104010K, committed 104768K, reserved 1146880K
  class space    used 14373K, committed 14720K, reserved 1048576K
}
Event: 9.151 GC heap after
{Heap after GC invocations=51 (full 0):
 garbage-first heap   total 356352K, used 124923K [0x0000000080000000, 0x0000000100000000)
  region size 1024K, 22 young (22528K), 22 survivors (22528K)
 Metaspace       used 104010K, committed 104768K, reserved 1146880K
  class space    used 14373K, committed 14720K, reserved 1048576K
}
Event: 9.695 GC heap before
{Heap before GC invocations=51 (full 0):
 garbage-first heap   total 356352K, used 278523K [0x0000000080000000, 0x0000000100000000)
  region size 1024K, 173 young (177152K), 22 survivors (22528K)
 Metaspace       used 116685K, committed 117504K, reserved 1155072K
  class space    used 16884K, committed 17280K, reserved 1048576K
}
Event: 9.713 GC heap after
{Heap after GC invocations=52 (full 0):
 garbage-first heap   total 356352K, used 145541K [0x0000000080000000, 0x0000000100000000)
  region size 1024K, 22 young (22528K), 22 survivors (22528K)
 Metaspace       used 116685K, committed 117504K, reserved 1155072K
  class space    used 16884K, committed 17280K, reserved 1048576K
}
Event: 10.007 GC heap before
{Heap before GC invocations=52 (full 0):
 garbage-first heap   total 356352K, used 280709K [0x0000000080000000, 0x0000000100000000)
  region size 1024K, 155 young (158720K), 22 survivors (22528K)
 Metaspace       used 119505K, committed 120320K, reserved 1155072K
  class space    used 17335K, committed 17728K, reserved 1048576K
}
Event: 10.016 GC heap after
{Heap after GC invocations=53 (full 0):
 garbage-first heap   total 356352K, used 148011K [0x0000000080000000, 0x0000000100000000)
  region size 1024K, 7 young (7168K), 7 survivors (7168K)
 Metaspace       used 119505K, committed 120320K, reserved 1155072K
  class space    used 17335K, committed 17728K, reserved 1048576K
}
Event: 10.261 GC heap before
{Heap before GC invocations=53 (full 0):
 garbage-first heap   total 356352K, used 287275K [0x0000000080000000, 0x0000000100000000)
  region size 1024K, 143 young (146432K), 7 survivors (7168K)
 Metaspace       used 120036K, committed 120896K, reserved 1155072K
  class space    used 17346K, committed 17728K, reserved 1048576K
}
Event: 10.267 GC heap after
{Heap after GC invocations=54 (full 0):
 garbage-first heap   total 356352K, used 145860K [0x0000000080000000, 0x0000000100000000)
  region size 1024K, 5 young (5120K), 5 survivors (5120K)
 Metaspace       used 120036K, committed 120896K, reserved 1155072K
  class space    used 17346K, committed 17728K, reserved 1048576K
}
Event: 10.473 GC heap before
{Heap before GC invocations=54 (full 0):
 garbage-first heap   total 356352K, used 290244K [0x0000000080000000, 0x0000000100000000)
  region size 1024K, 147 young (150528K), 5 survivors (5120K)
 Metaspace       used 120668K, committed 121536K, reserved 1155072K
  class space    used 17440K, committed 17856K, reserved 1048576K
}
Event: 10.478 GC heap after
{Heap after GC invocations=55 (full 0):
 garbage-first heap   total 356352K, used 148867K [0x0000000080000000, 0x0000000100000000)
  region size 1024K, 8 young (8192K), 8 survivors (8192K)
 Metaspace       used 120668K, committed 121536K, reserved 1155072K
  class space    used 17440K, committed 17856K, reserved 1048576K
}

