# JRE version: OpenJDK Runtime Environment (17.0.6) (build 17.0.6+0-b2043.56-10027231)
# Java VM: OpenJDK 64-Bit Server VM (17.0.6+0-b2043.56-10027231, mixed mode, tiered, compressed oops, compressed class ptrs, g1 gc, windows-amd64)
GC Precious Log:
 CPUs: 12 total, 12 available
 Memory: 15734M
 Large Page Support: Disabled
 NUMA Support: Disabled
 Compressed Oops: Enabled (32-bit)
 Heap Region Size: 1M
 Heap Min Capacity: 8M
 Heap Initial Capacity: 246M
 Heap Max Capacity: 2G
 Pre-touch: Disabled
 Parallel Workers: 10
 Concurrent Workers: 3
 Concurrent Refinement Workers: 10
 Periodic GC: Disabled
Heap:
 garbage-first heap   total 292864K, used 200534K [0x0000000080000000, 0x0000000100000000)
  region size 1024K, 72 young (73728K), 4 survivors (4096K)
 Metaspace       used 116367K, committed 117184K, reserved 1155072K
  class space    used 15592K, committed 16000K, reserved 1048576K
GC Heap History (20 events):
Event: 5.960 GC heap before
{Heap before GC invocations=32 (full 0):
 garbage-first heap   total 243712K, used 171297K [0x0000000080000000, 0x0000000100000000)
  region size 1024K, 103 young (105472K), 4 survivors (4096K)
 Metaspace       used 84615K, committed 85184K, reserved 1122304K
  class space    used 11561K, committed 11840K, reserved 1048576K
}
Event: 5.964 GC heap after
{Heap after GC invocations=33 (full 0):
 garbage-first heap   total 243712K, used 75366K [0x0000000080000000, 0x0000000100000000)
  region size 1024K, 11 young (11264K), 11 survivors (11264K)
 Metaspace       used 84615K, committed 85184K, reserved 1122304K
  class space    used 11561K, committed 11840K, reserved 1048576K
}
Event: 6.820 GC heap before
{Heap before GC invocations=33 (full 0):
 garbage-first heap   total 243712K, used 180838K [0x0000000080000000, 0x0000000100000000)
  region size 1024K, 114 young (116736K), 11 survivors (11264K)
 Metaspace       used 94391K, committed 95040K, reserved 1130496K
  class space    used 12924K, committed 13248K, reserved 1048576K
}
Event: 6.830 GC heap after
{Heap after GC invocations=34 (full 0):
 garbage-first heap   total 243712K, used 84279K [0x0000000080000000, 0x0000000100000000)
  region size 1024K, 15 young (15360K), 15 survivors (15360K)
 Metaspace       used 94391K, committed 95040K, reserved 1130496K
  class space    used 12924K, committed 13248K, reserved 1048576K
}
Event: 7.286 GC heap before
{Heap before GC invocations=34 (full 0):
 garbage-first heap   total 243712K, used 185655K [0x0000000080000000, 0x0000000100000000)
  region size 1024K, 114 young (116736K), 15 survivors (15360K)
 Metaspace       used 96694K, committed 97344K, reserved 1138688K
  class space    used 13382K, committed 13696K, reserved 1048576K
}
Event: 7.299 GC heap after
{Heap after GC invocations=35 (full 0):
 garbage-first heap   total 243712K, used 97049K [0x0000000080000000, 0x0000000100000000)
  region size 1024K, 14 young (14336K), 14 survivors (14336K)
 Metaspace       used 96694K, committed 97344K, reserved 1138688K
  class space    used 13382K, committed 13696K, reserved 1048576K
}
Event: 7.513 GC heap before
{Heap before GC invocations=35 (full 0):
 garbage-first heap   total 243712K, used 188185K [0x0000000080000000, 0x0000000100000000)
  region size 1024K, 104 young (106496K), 14 survivors (14336K)
 Metaspace       used 97105K, committed 97728K, reserved 1138688K
  class space    used 13399K, committed 13696K, reserved 1048576K
}
Event: 7.520 GC heap after
{Heap after GC invocations=36 (full 0):
 garbage-first heap   total 243712K, used 102586K [0x0000000080000000, 0x0000000100000000)
  region size 1024K, 8 young (8192K), 8 survivors (8192K)
 Metaspace       used 97105K, committed 97728K, reserved 1138688K
  class space    used 13399K, committed 13696K, reserved 1048576K
}
Event: 7.762 GC heap before
{Heap before GC invocations=36 (full 0):
 garbage-first heap   total 243712K, used 191674K [0x0000000080000000, 0x0000000100000000)
  region size 1024K, 96 young (98304K), 8 survivors (8192K)
 Metaspace       used 97632K, committed 98368K, reserved 1138688K
  class space    used 13443K, committed 13760K, reserved 1048576K
}
Event: 7.767 GC heap after
{Heap after GC invocations=37 (full 0):
 garbage-first heap   total 243712K, used 107981K [0x0000000080000000, 0x0000000100000000)
  region size 1024K, 8 young (8192K), 8 survivors (8192K)
 Metaspace       used 97632K, committed 98368K, reserved 1138688K
  class space    used 13443K, committed 13760K, reserved 1048576K
}
Event: 8.254 GC heap before
{Heap before GC invocations=37 (full 0):
 garbage-first heap   total 243712K, used 193997K [0x0000000080000000, 0x0000000100000000)
  region size 1024K, 93 young (95232K), 8 survivors (8192K)
 Metaspace       used 99919K, committed 100608K, reserved 1138688K
  class space    used 13734K, committed 14080K, reserved 1048576K
}
Event: 8.261 GC heap after
{Heap after GC invocations=38 (full 0):
 garbage-first heap   total 243712K, used 113886K [0x0000000080000000, 0x0000000100000000)
  region size 1024K, 9 young (9216K), 9 survivors (9216K)
 Metaspace       used 99919K, committed 100608K, reserved 1138688K
  class space    used 13734K, committed 14080K, reserved 1048576K
}
Event: 8.511 GC heap before
{Heap before GC invocations=38 (full 0):
 garbage-first heap   total 243712K, used 194782K [0x0000000080000000, 0x0000000100000000)
  region size 1024K, 89 young (91136K), 9 survivors (9216K)
 Metaspace       used 102166K, committed 102912K, reserved 1138688K
  class space    used 14039K, committed 14400K, reserved 1048576K
}
Event: 8.517 GC heap after
{Heap after GC invocations=39 (full 0):
 garbage-first heap   total 243712K, used 119313K [0x0000000080000000, 0x0000000100000000)
  region size 1024K, 8 young (8192K), 8 survivors (8192K)
 Metaspace       used 102166K, committed 102912K, reserved 1138688K
  class space    used 14039K, committed 14400K, reserved 1048576K
}
Event: 9.323 GC heap before
{Heap before GC invocations=39 (full 0):
 garbage-first heap   total 243712K, used 196113K [0x0000000080000000, 0x0000000100000000)
  region size 1024K, 84 young (86016K), 8 survivors (8192K)
 Metaspace       used 102661K, committed 103424K, reserved 1138688K
  class space    used 14118K, committed 14464K, reserved 1048576K
}
Event: 9.329 GC heap after
{Heap after GC invocations=40 (full 0):
 garbage-first heap   total 292864K, used 122719K [0x0000000080000000, 0x0000000100000000)
  region size 1024K, 6 young (6144K), 6 survivors (6144K)
 Metaspace       used 102661K, committed 103424K, reserved 1138688K
  class space    used 14118K, committed 14464K, reserved 1048576K
}
Event: 10.228 GC heap before
{Heap before GC invocations=40 (full 0):
 garbage-first heap   total 292864K, used 240479K [0x0000000080000000, 0x0000000100000000)
  region size 1024K, 115 young (117760K), 6 survivors (6144K)
 Metaspace       used 111280K, committed 112064K, reserved 1146880K
  class space    used 15065K, committed 15424K, reserved 1048576K
}
Event: 10.233 GC heap after
{Heap after GC invocations=41 (full 0):
 garbage-first heap   total 292864K, used 130482K [0x0000000080000000, 0x0000000100000000)
  region size 1024K, 14 young (14336K), 14 survivors (14336K)
 Metaspace       used 111280K, committed 112064K, reserved 1146880K
  class space    used 15065K, committed 15424K, reserved 1048576K
}
Event: 13.208 GC heap before
{Heap before GC invocations=41 (full 0):
 garbage-first heap   total 292864K, used 235954K [0x0000000080000000, 0x0000000100000000)
  region size 1024K, 115 young (117760K), 14 survivors (14336K)
 Metaspace       used 115488K, committed 116288K, reserved 1155072K
  class space    used 15462K, committed 15872K, reserved 1048576K
}
Event: 13.213 GC heap after
{Heap after GC invocations=42 (full 0):
 garbage-first heap   total 292864K, used 132950K [0x0000000080000000, 0x0000000100000000)
  region size 1024K, 4 young (4096K), 4 survivors (4096K)
 Metaspace       used 115488K, committed 116288K, reserved 1155072K
  class space    used 15462K, committed 15872K, reserved 1048576K
}

