# JRE version: OpenJDK Runtime Environment (17.0.6) (build 17.0.6+0-b2043.56-10027231)
# Java VM: OpenJDK 64-Bit Server VM (17.0.6+0-b2043.56-10027231, mixed mode, tiered, compressed oops, compressed class ptrs, g1 gc, windows-amd64)
GC Precious Log:
 CPUs: 12 total, 12 available
 Memory: 15734M
 Large Page Support: Disabled
 NUMA Support: Disabled
 Compressed Oops: Enabled (32-bit)
 Heap Region Size: 1M
 Heap Min Capacity: 8M
 Heap Initial Capacity: 246M
 Heap Max Capacity: 2G
 Pre-touch: Disabled
 Parallel Workers: 10
 Concurrent Workers: 3
 Concurrent Refinement Workers: 10
 Periodic GC: Disabled
Heap:
 garbage-first heap   total 310272K, used 166713K [0x0000000080000000, 0x0000000100000000)
  region size 1024K, 5 young (5120K), 5 survivors (5120K)
 Metaspace       used 146097K, committed 147200K, reserved 1179648K
  class space    used 19924K, committed 20480K, reserved 1048576K
GC Heap History (20 events):
Event: 388.805 GC heap after
{Heap after GC invocations=61 (full 0):
 garbage-first heap   total 306176K, used 182836K [0x0000000080000000, 0x0000000100000000)
  region size 1024K, 5 young (5120K), 5 survivors (5120K)
 Metaspace       used 145050K, committed 146048K, reserved 1179648K
  class space    used 19904K, committed 20416K, reserved 1048576K
}
Event: 481.671 GC heap before
{Heap before GC invocations=62 (full 0):
 garbage-first heap   total 306176K, used 267828K [0x0000000080000000, 0x0000000100000000)
  region size 1024K, 78 young (79872K), 5 survivors (5120K)
 Metaspace       used 145021K, committed 146048K, reserved 1179648K
  class space    used 19880K, committed 20416K, reserved 1048576K
}
Event: 481.675 GC heap after
{Heap after GC invocations=63 (full 0):
 garbage-first heap   total 306176K, used 175365K [0x0000000080000000, 0x0000000100000000)
  region size 1024K, 8 young (8192K), 8 survivors (8192K)
 Metaspace       used 145021K, committed 146048K, reserved 1179648K
  class space    used 19880K, committed 20416K, reserved 1048576K
}
Event: 481.727 GC heap before
{Heap before GC invocations=63 (full 0):
 garbage-first heap   total 306176K, used 181509K [0x0000000080000000, 0x0000000100000000)
  region size 1024K, 14 young (14336K), 8 survivors (8192K)
 Metaspace       used 145090K, committed 146176K, reserved 1179648K
  class space    used 19882K, committed 20416K, reserved 1048576K
}
Event: 481.734 GC heap after
{Heap after GC invocations=64 (full 0):
 garbage-first heap   total 306176K, used 158211K [0x0000000080000000, 0x0000000100000000)
  region size 1024K, 2 young (2048K), 2 survivors (2048K)
 Metaspace       used 145090K, committed 146176K, reserved 1179648K
  class space    used 19882K, committed 20416K, reserved 1048576K
}
Event: 481.801 GC heap before
{Heap before GC invocations=64 (full 0):
 garbage-first heap   total 306176K, used 170499K [0x0000000080000000, 0x0000000100000000)
  region size 1024K, 16 young (16384K), 2 survivors (2048K)
 Metaspace       used 145129K, committed 146176K, reserved 1179648K
  class space    used 19884K, committed 20416K, reserved 1048576K
}
Event: 481.803 GC heap after
{Heap after GC invocations=65 (full 0):
 garbage-first heap   total 306176K, used 159134K [0x0000000080000000, 0x0000000100000000)
  region size 1024K, 3 young (3072K), 3 survivors (3072K)
 Metaspace       used 145129K, committed 146176K, reserved 1179648K
  class space    used 19884K, committed 20416K, reserved 1048576K
}
Event: 482.983 GC heap before
{Heap before GC invocations=66 (full 0):
 garbage-first heap   total 306176K, used 271774K [0x0000000080000000, 0x0000000100000000)
  region size 1024K, 96 young (98304K), 3 survivors (3072K)
 Metaspace       used 145341K, committed 146432K, reserved 1179648K
  class space    used 19891K, committed 20416K, reserved 1048576K
}
Event: 482.989 GC heap after
{Heap after GC invocations=67 (full 0):
 garbage-first heap   total 306176K, used 166349K [0x0000000080000000, 0x0000000100000000)
  region size 1024K, 11 young (11264K), 11 survivors (11264K)
 Metaspace       used 145341K, committed 146432K, reserved 1179648K
  class space    used 19891K, committed 20416K, reserved 1048576K
}
Event: 482.999 GC heap before
{Heap before GC invocations=67 (full 0):
 garbage-first heap   total 306176K, used 169421K [0x0000000080000000, 0x0000000100000000)
  region size 1024K, 14 young (14336K), 11 survivors (11264K)
 Metaspace       used 145343K, committed 146432K, reserved 1179648K
  class space    used 19891K, committed 20416K, reserved 1048576K
}
Event: 483.007 GC heap after
{Heap after GC invocations=68 (full 0):
 garbage-first heap   total 306176K, used 144109K [0x0000000080000000, 0x0000000100000000)
  region size 1024K, 2 young (2048K), 2 survivors (2048K)
 Metaspace       used 145343K, committed 146432K, reserved 1179648K
  class space    used 19891K, committed 20416K, reserved 1048576K
}
Event: 483.023 GC heap before
{Heap before GC invocations=68 (full 0):
 garbage-first heap   total 306176K, used 155373K [0x0000000080000000, 0x0000000100000000)
  region size 1024K, 14 young (14336K), 2 survivors (2048K)
 Metaspace       used 145370K, committed 146432K, reserved 1179648K
  class space    used 19891K, committed 20416K, reserved 1048576K
}
Event: 483.029 GC heap after
{Heap after GC invocations=69 (full 0):
 garbage-first heap   total 306176K, used 137211K [0x0000000080000000, 0x0000000100000000)
  region size 1024K, 2 young (2048K), 2 survivors (2048K)
 Metaspace       used 145370K, committed 146432K, reserved 1179648K
  class space    used 19891K, committed 20416K, reserved 1048576K
}
Event: 484.832 GC heap before
{Heap before GC invocations=69 (full 0):
 garbage-first heap   total 306176K, used 212987K [0x0000000080000000, 0x0000000100000000)
  region size 1024K, 78 young (79872K), 2 survivors (2048K)
 Metaspace       used 145713K, committed 146816K, reserved 1179648K
  class space    used 19893K, committed 20416K, reserved 1048576K
}
Event: 484.835 GC heap after
{Heap after GC invocations=70 (full 0):
 garbage-first heap   total 306176K, used 138736K [0x0000000080000000, 0x0000000100000000)
  region size 1024K, 3 young (3072K), 3 survivors (3072K)
 Metaspace       used 145713K, committed 146816K, reserved 1179648K
  class space    used 19893K, committed 20416K, reserved 1048576K
}
Event: 570.210 GC heap before
{Heap before GC invocations=71 (full 0):
 garbage-first heap   total 306176K, used 280048K [0x0000000080000000, 0x0000000100000000)
  region size 1024K, 119 young (121856K), 3 survivors (3072K)
 Metaspace       used 146097K, committed 147200K, reserved 1179648K
  class space    used 19924K, committed 20480K, reserved 1048576K
}
Event: 570.223 GC heap after
{Heap after GC invocations=72 (full 0):
 garbage-first heap   total 310272K, used 164409K [0x0000000080000000, 0x0000000100000000)
  region size 1024K, 15 young (15360K), 15 survivors (15360K)
 Metaspace       used 146097K, committed 147200K, reserved 1179648K
  class space    used 19924K, committed 20480K, reserved 1048576K
}
Event: 570.232 GC heap before
{Heap before GC invocations=72 (full 0):
 garbage-first heap   total 310272K, used 165433K [0x0000000080000000, 0x0000000100000000)
  region size 1024K, 16 young (16384K), 15 survivors (15360K)
 Metaspace       used 146097K, committed 147200K, reserved 1179648K
  class space    used 19924K, committed 20480K, reserved 1048576K
}
Event: 570.242 GC heap after
{Heap after GC invocations=73 (full 0):
 garbage-first heap   total 310272K, used 164142K [0x0000000080000000, 0x0000000100000000)
  region size 1024K, 2 young (2048K), 2 survivors (2048K)
 Metaspace       used 146097K, committed 147200K, reserved 1179648K
  class space    used 19924K, committed 20480K, reserved 1048576K
}
Event: 570.269 GC heap before
{Heap before GC invocations=73 (full 0):
 garbage-first heap   total 310272K, used 167214K [0x0000000080000000, 0x0000000100000000)
  region size 1024K, 7 young (7168K), 2 survivors (2048K)
 Metaspace       used 146097K, committed 147200K, reserved 1179648K
  class space    used 19924K, committed 20480K, reserved 1048576K
}

