# JRE version: OpenJDK Runtime Environment (17.0.6) (build 17.0.6+0-b2043.56-10027231)
# Java VM: OpenJDK 64-Bit Server VM (17.0.6+0-b2043.56-10027231, mixed mode, tiered, compressed oops, compressed class ptrs, g1 gc, windows-amd64)
GC Precious Log:
 CPUs: 12 total, 12 available
 Memory: 15734M
 Large Page Support: Disabled
 NUMA Support: Disabled
 Compressed Oops: Enabled (32-bit)
 Heap Region Size: 1M
 Heap Min Capacity: 8M
 Heap Initial Capacity: 246M
 Heap Max Capacity: 2G
 Pre-touch: Disabled
 Parallel Workers: 10
 Concurrent Workers: 3
 Concurrent Refinement Workers: 10
 Periodic GC: Disabled
Heap:
 garbage-first heap   total 334848K, used 131776K [0x0000000080000000, 0x0000000100000000)
  region size 1024K, 2 young (2048K), 2 survivors (2048K)
 Metaspace       used 153947K, committed 155392K, reserved 1187840K
  class space    used 21368K, committed 22016K, reserved 1048576K
GC Heap History (20 events):
Event: 24.042 GC heap after
{Heap after GC invocations=61 (full 0):
 garbage-first heap   total 318464K, used 182810K [0x0000000080000000, 0x0000000100000000)
  region size 1024K, 2 young (2048K), 2 survivors (2048K)
 Metaspace       used 151780K, committed 152832K, reserved 1187840K
  class space    used 21299K, committed 21824K, reserved 1048576K
}
Event: 322.831 GC heap before
{Heap before GC invocations=61 (full 0):
 garbage-first heap   total 318464K, used 268826K [0x0000000080000000, 0x0000000100000000)
  region size 1024K, 84 young (86016K), 2 survivors (2048K)
 Metaspace       used 153444K, committed 154496K, reserved 1187840K
  class space    used 21493K, committed 22016K, reserved 1048576K
}
Event: 322.838 GC heap after
{Heap after GC invocations=62 (full 0):
 garbage-first heap   total 318464K, used 170831K [0x0000000080000000, 0x0000000100000000)
  region size 1024K, 9 young (9216K), 9 survivors (9216K)
 Metaspace       used 153444K, committed 154496K, reserved 1187840K
  class space    used 21493K, committed 22016K, reserved 1048576K
}
Event: 324.563 GC heap before
{Heap before GC invocations=62 (full 0):
 garbage-first heap   total 318464K, used 262991K [0x0000000080000000, 0x0000000100000000)
  region size 1024K, 100 young (102400K), 9 survivors (9216K)
 Metaspace       used 153791K, committed 154880K, reserved 1187840K
  class space    used 21503K, committed 22016K, reserved 1048576K
}
Event: 324.571 GC heap after
{Heap after GC invocations=63 (full 0):
 garbage-first heap   total 318464K, used 178502K [0x0000000080000000, 0x0000000100000000)
  region size 1024K, 8 young (8192K), 8 survivors (8192K)
 Metaspace       used 153791K, committed 154880K, reserved 1187840K
  class space    used 21503K, committed 22016K, reserved 1048576K
}
Event: 324.619 GC heap before
{Heap before GC invocations=63 (full 0):
 garbage-first heap   total 318464K, used 200006K [0x0000000080000000, 0x0000000100000000)
  region size 1024K, 17 young (17408K), 8 survivors (8192K)
 Metaspace       used 153842K, committed 154880K, reserved 1187840K
  class space    used 21506K, committed 22016K, reserved 1048576K
}
Event: 324.622 GC heap after
{Heap after GC invocations=64 (full 0):
 garbage-first heap   total 318464K, used 191631K [0x0000000080000000, 0x0000000100000000)
  region size 1024K, 2 young (2048K), 2 survivors (2048K)
 Metaspace       used 153842K, committed 154880K, reserved 1187840K
  class space    used 21506K, committed 22016K, reserved 1048576K
}
Event: 335.134 GC heap before
{Heap before GC invocations=65 (full 0):
 garbage-first heap   total 334848K, used 271503K [0x0000000080000000, 0x0000000100000000)
  region size 1024K, 77 young (78848K), 2 survivors (2048K)
 Metaspace       used 153796K, committed 154880K, reserved 1187840K
  class space    used 21464K, committed 22016K, reserved 1048576K
}
Event: 335.140 GC heap after
{Heap after GC invocations=66 (full 0):
 garbage-first heap   total 334848K, used 181033K [0x0000000080000000, 0x0000000100000000)
  region size 1024K, 9 young (9216K), 9 survivors (9216K)
 Metaspace       used 153796K, committed 154880K, reserved 1187840K
  class space    used 21464K, committed 22016K, reserved 1048576K
}
Event: 335.183 GC heap before
{Heap before GC invocations=66 (full 0):
 garbage-first heap   total 334848K, used 187177K [0x0000000080000000, 0x0000000100000000)
  region size 1024K, 16 young (16384K), 9 survivors (9216K)
 Metaspace       used 153835K, committed 154880K, reserved 1187840K
  class space    used 21466K, committed 22016K, reserved 1048576K
}
Event: 335.191 GC heap after
{Heap after GC invocations=67 (full 0):
 garbage-first heap   total 334848K, used 156067K [0x0000000080000000, 0x0000000100000000)
  region size 1024K, 2 young (2048K), 2 survivors (2048K)
 Metaspace       used 153835K, committed 154880K, reserved 1187840K
  class space    used 21466K, committed 22016K, reserved 1048576K
}
Event: 335.307 GC heap before
{Heap before GC invocations=67 (full 0):
 garbage-first heap   total 334848K, used 170403K [0x0000000080000000, 0x0000000100000000)
  region size 1024K, 16 young (16384K), 2 survivors (2048K)
 Metaspace       used 153898K, committed 154944K, reserved 1187840K
  class space    used 21472K, committed 22016K, reserved 1048576K
}
Event: 335.315 GC heap after
{Heap after GC invocations=68 (full 0):
 garbage-first heap   total 334848K, used 149301K [0x0000000080000000, 0x0000000100000000)
  region size 1024K, 2 young (2048K), 2 survivors (2048K)
 Metaspace       used 153898K, committed 154944K, reserved 1187840K
  class space    used 21472K, committed 22016K, reserved 1048576K
}
Event: 4886.113 GC heap before
{Heap before GC invocations=68 (full 0):
 garbage-first heap   total 334848K, used 275253K [0x0000000080000000, 0x0000000100000000)
  region size 1024K, 126 young (129024K), 2 survivors (2048K)
 Metaspace       used 154248K, committed 155328K, reserved 1187840K
  class space    used 21486K, committed 22016K, reserved 1048576K
}
Event: 4886.118 GC heap after
{Heap after GC invocations=69 (full 0):
 garbage-first heap   total 334848K, used 152926K [0x0000000080000000, 0x0000000100000000)
  region size 1024K, 6 young (6144K), 6 survivors (6144K)
 Metaspace       used 154248K, committed 155328K, reserved 1187840K
  class space    used 21486K, committed 22016K, reserved 1048576K
}
Event: 4886.882 GC heap before
{Heap before GC invocations=70 (full 0):
 garbage-first heap   total 334848K, used 293214K [0x0000000080000000, 0x0000000100000000)
  region size 1024K, 128 young (131072K), 6 survivors (6144K)
 Metaspace       used 153887K, committed 155392K, reserved 1187840K
  class space    used 21360K, committed 22016K, reserved 1048576K
}
Event: 4886.890 GC heap after
{Heap after GC invocations=71 (full 0):
 garbage-first heap   total 334848K, used 159330K [0x0000000080000000, 0x0000000100000000)
  region size 1024K, 15 young (15360K), 15 survivors (15360K)
 Metaspace       used 153887K, committed 155392K, reserved 1187840K
  class space    used 21360K, committed 22016K, reserved 1048576K
}
Event: 4886.894 GC heap before
{Heap before GC invocations=71 (full 0):
 garbage-first heap   total 334848K, used 160354K [0x0000000080000000, 0x0000000100000000)
  region size 1024K, 16 young (16384K), 15 survivors (15360K)
 Metaspace       used 153889K, committed 155392K, reserved 1187840K
  class space    used 21360K, committed 22016K, reserved 1048576K
}
Event: 4886.905 GC heap after
{Heap after GC invocations=72 (full 0):
 garbage-first heap   total 334848K, used 135467K [0x0000000080000000, 0x0000000100000000)
  region size 1024K, 1 young (1024K), 1 survivors (1024K)
 Metaspace       used 153889K, committed 155392K, reserved 1187840K
  class space    used 21360K, committed 22016K, reserved 1048576K
}
Event: 4887.779 GC heap before
{Heap before GC invocations=72 (full 0):
 garbage-first heap   total 334848K, used 149803K [0x0000000080000000, 0x0000000100000000)
  region size 1024K, 16 young (16384K), 1 survivors (1024K)
 Metaspace       used 153947K, committed 155392K, reserved 1187840K
  class space    used 21368K, committed 22016K, reserved 1048576K
}

